生成启动时间为 2014/7/25 4:45:00。
     1>项目“C:\Users\Administrator\Documents\Visual Studio 2010\Projects\cppTLD\cppTLD\cppTLD.vcxproj”在节点 2 上(build 个目标)。
     1>InitializeBuildStatus:
         正在对“Release\cppTLD.unsuccessfulbuild”执行 Touch 任务。
       ClCompile:
         所有输出均为最新。
       Link:
         C:\Program Files (x86)\Microsoft Visual Studio 10.0\VC\bin\link.exe /ERRORREPORT:PROMPT /OUT:"C:\Users\Administrator\Documents\Visual Studio 2010\Projects\cppTLD\Release\cppTLD.exe" /NOLOGO opencv_calib3d249.lib opencv_contrib249.lib opencv_core249.lib opencv_features2d249.lib opencv_flann249.lib opencv_gpu249.lib opencv_highgui249.lib opencv_imgproc249.lib opencv_legacy249.lib opencv_ml249.lib opencv_nonfree249.lib opencv_objdetect249.lib opencv_ocl249.lib opencv_photo249.lib opencv_stitching249.lib opencv_superres249.lib opencv_ts249.lib opencv_video249.lib opencv_videostab249.lib kernel32.lib user32.lib gdi32.lib winspool.lib comdlg32.lib advapi32.lib shell32.lib ole32.lib oleaut32.lib uuid.lib odbc32.lib odbccp32.lib kernel32.lib user32.lib gdi32.lib winspool.lib comdlg32.lib advapi32.lib shell32.lib ole32.lib oleaut32.lib uuid.lib odbc32.lib odbccp32.lib /MANIFEST /ManifestFile:"Release\cppTLD.exe.intermediate.manifest" /MANIFESTUAC:"level='asInvoker' uiAccess='false'" /DEBUG /PDB:"C:\Users\Administrator\Documents\Visual Studio 2010\Projects\cppTLD\Release\cppTLD.pdb" /OPT:REF /OPT:ICF /LTCG /TLBID:1 /DYNAMICBASE /NXCOMPAT /IMPLIB:"C:\Users\Administrator\Documents\Visual Studio 2010\Projects\cppTLD\Release\cppTLD.lib" /MACHINE:X86 Release\FerNNClassifier.obj
         Release\LKTracker.obj
         Release\run_tld.obj
         Release\TLD.obj
         Release\tld_utils.obj
         正在生成代码
         已完成代码的生成
         cppTLD.vcxproj -> C:\Users\Administrator\Documents\Visual Studio 2010\Projects\cppTLD\Release\cppTLD.exe
       Manifest:
         C:\Program Files (x86)\Microsoft SDKs\Windows\v7.0A\bin\mt.exe /nologo /verbose /outputresource:"C:\Users\Administrator\Documents\Visual Studio 2010\Projects\cppTLD\Release\cppTLD.exe;#1" /manifest Release\cppTLD.exe.intermediate.manifest
       FinalizeBuildStatus:
         正在删除文件“Release\cppTLD.unsuccessfulbuild”。
         正在对“Release\cppTLD.lastbuildstate”执行 Touch 任务。
     1>已完成生成项目“C:\Users\Administrator\Documents\Visual Studio 2010\Projects\cppTLD\cppTLD\cppTLD.vcxproj”(build 个目标)的操作。

生成成功。

已用时间 00:00:04.07
