生成启动时间为 2014/7/23 10:13:59。
     1>项目“C:\Users\Administrator\Documents\Visual Studio 2010\Projects\cTLD\cTLD\cTLD.vcxproj”在节点 2 上(build 个目标)。
     1>InitializeBuildStatus:
         正在创建“Debug\cTLD.unsuccessfulbuild”，因为已指定“AlwaysCreate”。
       ClCompile:
         C:\Program Files (x86)\Microsoft Visual Studio 10.0\VC\bin\CL.exe /c /ZI /nologo /W3 /WX- /Od /Oy- /D _MBCS /Gm /EHsc /RTC1 /MDd /GS /fp:precise /Zc:wchar_t /Zc:forScope /Fo"Debug\\" /Fd"Debug\vc100.pdb" /Gd /TP /analyze- /errorReport:prompt run_tld.cpp
         run_tld.cpp
       Link:
         C:\Program Files (x86)\Microsoft Visual Studio 10.0\VC\bin\link.exe /ERRORREPORT:PROMPT /OUT:"C:\Users\Administrator\Documents\Visual Studio 2010\Projects\cTLD\Debug\cTLD.exe" /NOLOGO opencv_calib3d249d.lib opencv_contrib249d.lib opencv_core249d.lib opencv_features2d249d.lib opencv_flann249d.lib opencv_gpu249d.lib opencv_highgui249d.lib opencv_imgproc249d.lib opencv_legacy249d.lib opencv_ml249d.lib opencv_nonfree249d.lib opencv_objdetect249d.lib opencv_ocl249d.lib opencv_photo249d.lib opencv_stitching249d.lib opencv_superres249d.lib opencv_ts249d.lib opencv_video249d.lib opencv_videostab249d.lib kernel32.lib user32.lib gdi32.lib winspool.lib comdlg32.lib advapi32.lib shell32.lib ole32.lib oleaut32.lib uuid.lib odbc32.lib odbccp32.lib kernel32.lib user32.lib gdi32.lib winspool.lib comdlg32.lib advapi32.lib shell32.lib ole32.lib oleaut32.lib uuid.lib odbc32.lib odbccp32.lib /MANIFEST /ManifestFile:"Debug\cTLD.exe.intermediate.manifest" /MANIFESTUAC:"level='asInvoker' uiAccess='false'" /DEBUG /PDB:"C:\Users\Administrator\Documents\Visual Studio 2010\Projects\cTLD\Debug\cTLD.pdb" /TLBID:1 /DYNAMICBASE /NXCOMPAT /IMPLIB:"C:\Users\Administrator\Documents\Visual Studio 2010\Projects\cTLD\Debug\cTLD.lib" /MACHINE:X86 Debug\FerNNClassifier.obj
         Debug\LKTracker.obj
         Debug\run_tld.obj
         Debug\TLD.obj
         Debug\tld_utils.obj
         LINK : 没有找到 C:\Users\Administrator\Documents\Visual Studio 2010\Projects\cTLD\Debug\cTLD.exe 或上一个增量链接没有生成它；正在执行完全链接
         cTLD.vcxproj -> C:\Users\Administrator\Documents\Visual Studio 2010\Projects\cTLD\Debug\cTLD.exe
       Manifest:
         C:\Program Files (x86)\Microsoft SDKs\Windows\v7.0A\bin\mt.exe /nologo /verbose /outputresource:"C:\Users\Administrator\Documents\Visual Studio 2010\Projects\cTLD\Debug\cTLD.exe;#1" /manifest Debug\cTLD.exe.intermediate.manifest
       FinalizeBuildStatus:
         正在删除文件“Debug\cTLD.unsuccessfulbuild”。
         正在对“Debug\cTLD.lastbuildstate”执行 Touch 任务。
     1>已完成生成项目“C:\Users\Administrator\Documents\Visual Studio 2010\Projects\cTLD\cTLD\cTLD.vcxproj”(build 个目标)的操作。

生成成功。

已用时间 00:00:01.61
