生成启动时间为 2014/7/25 4:46:01。
     1>项目“C:\Users\Administrator\Documents\Visual Studio 2010\Projects\cppTLD\cppTLD\cppTLD.vcxproj”在节点 2 上(build 个目标)。
     1>InitializeBuildStatus:
         正在创建“Debug\cppTLD.unsuccessfulbuild”，因为已指定“AlwaysCreate”。
       ClCompile:
         C:\Program Files (x86)\Microsoft Visual Studio 10.0\VC\bin\CL.exe /c /ZI /nologo /W3 /WX- /Od /Oy- /D _MBCS /Gm /EHsc /RTC1 /MDd /GS /fp:precise /Zc:wchar_t /Zc:forScope /Fo"Debug\\" /Fd"Debug\vc100.pdb" /Gd /TP /analyze- /errorReport:prompt TLD.cpp run_tld.cpp tld_utils.cpp
         tld_utils.cpp
         run_tld.cpp
         TLD.cpp
     1>c:\users\administrator\documents\visual studio 2010\projects\cpptld\cpptld\tld.cpp(42): warning C4244: “=”: 从“int”转换到“float”，可能丢失数据
     1>c:\users\administrator\documents\visual studio 2010\projects\cpptld\cpptld\tld.cpp(95): warning C4244: “=”: 从“double”转换到“float”，可能丢失数据
     1>c:\users\administrator\documents\visual studio 2010\projects\cpptld\cpptld\tld.cpp(103): warning C4244: “初始化”: 从“float”转换到“int”，可能丢失数据
     1>c:\users\administrator\documents\visual studio 2010\projects\cpptld\cpptld\tld.cpp(107): warning C4244: “=”: 从“float”转换到“int”，可能丢失数据
     1>c:\users\administrator\documents\visual studio 2010\projects\cpptld\cpptld\tld.cpp(114): warning C4018: “<”: 有符号/无符号不匹配
     1>c:\users\administrator\documents\visual studio 2010\projects\cpptld\cpptld\tld.cpp(118): warning C4018: “<”: 有符号/无符号不匹配
     1>c:\users\administrator\documents\visual studio 2010\projects\cpptld\cpptld\tld.cpp(125): warning C4018: “<”: 有符号/无符号不匹配
     1>c:\users\administrator\documents\visual studio 2010\projects\cpptld\cpptld\tld.cpp(164): warning C4018: “<”: 有符号/无符号不匹配
     1>c:\users\administrator\documents\visual studio 2010\projects\cpptld\cpptld\tld.cpp(202): warning C4018: “<”: 有符号/无符号不匹配
     1>c:\users\administrator\documents\visual studio 2010\projects\cpptld\cpptld\tld.cpp(215): warning C4244: “参数”: 从“float”转换到“unsigned int”，可能丢失数据
     1>c:\users\administrator\documents\visual studio 2010\projects\cpptld\cpptld\tld.cpp(276): warning C4018: “<”: 有符号/无符号不匹配
     1>c:\users\administrator\documents\visual studio 2010\projects\cpptld\cpptld\tld.cpp(294): warning C4018: “<”: 有符号/无符号不匹配
     1>c:\users\administrator\documents\visual studio 2010\projects\cpptld\cpptld\tld.cpp(418): warning C4244: “参数”: 从“int”转换到“float”，可能丢失数据
     1>c:\users\administrator\documents\visual studio 2010\projects\cpptld\cpptld\tld.cpp(418): warning C4244: “参数”: 从“int”转换到“float”，可能丢失数据
     1>c:\users\administrator\documents\visual studio 2010\projects\cpptld\cpptld\tld.cpp(442): warning C4244: “参数”: 从“double”转换到“float”，可能丢失数据
     1>c:\users\administrator\documents\visual studio 2010\projects\cpptld\cpptld\tld.cpp(450): warning C4244: “初始化”: 从“double”转换到“float”，可能丢失数据
     1>c:\users\administrator\documents\visual studio 2010\projects\cpptld\cpptld\tld.cpp(451): warning C4244: “初始化”: 从“double”转换到“float”，可能丢失数据
     1>c:\users\administrator\documents\visual studio 2010\projects\cpptld\cpptld\tld.cpp(477): warning C4018: “<”: 有符号/无符号不匹配
     1>c:\users\administrator\documents\visual studio 2010\projects\cpptld\cpptld\tld.cpp(586): warning C4018: “<”: 有符号/无符号不匹配
     1>c:\users\administrator\documents\visual studio 2010\projects\cpptld\cpptld\tld.cpp(604): warning C4018: “<”: 有符号/无符号不匹配
     1>c:\users\administrator\documents\visual studio 2010\projects\cpptld\cpptld\tld.cpp(613): warning C4018: “<”: 有符号/无符号不匹配
     1>c:\users\administrator\documents\visual studio 2010\projects\cpptld\cpptld\tld.cpp(625): warning C4305: “初始化”: 从“double”到“const float”截断
     1>c:\users\administrator\documents\visual studio 2010\projects\cpptld\cpptld\tld.cpp(626): warning C4305: “初始化”: 从“double”到“const float”截断
     1>c:\users\administrator\documents\visual studio 2010\projects\cpptld\cpptld\tld.cpp(626): warning C4305: “初始化”: 从“double”到“const float”截断
     1>c:\users\administrator\documents\visual studio 2010\projects\cpptld\cpptld\tld.cpp(626): warning C4305: “初始化”: 从“double”到“const float”截断
     1>c:\users\administrator\documents\visual studio 2010\projects\cpptld\cpptld\tld.cpp(626): warning C4305: “初始化”: 从“double”到“const float”截断
     1>c:\users\administrator\documents\visual studio 2010\projects\cpptld\cpptld\tld.cpp(626): warning C4305: “初始化”: 从“double”到“const float”截断
     1>c:\users\administrator\documents\visual studio 2010\projects\cpptld\cpptld\tld.cpp(626): warning C4305: “初始化”: 从“double”到“const float”截断
     1>c:\users\administrator\documents\visual studio 2010\projects\cpptld\cpptld\tld.cpp(626): warning C4305: “初始化”: 从“double”到“const float”截断
     1>c:\users\administrator\documents\visual studio 2010\projects\cpptld\cpptld\tld.cpp(627): warning C4305: “初始化”: 从“double”到“const float”截断
     1>c:\users\administrator\documents\visual studio 2010\projects\cpptld\cpptld\tld.cpp(627): warning C4305: “初始化”: 从“double”到“const float”截断
     1>c:\users\administrator\documents\visual studio 2010\projects\cpptld\cpptld\tld.cpp(627): warning C4305: “初始化”: 从“double”到“const float”截断
     1>c:\users\administrator\documents\visual studio 2010\projects\cpptld\cpptld\tld.cpp(627): warning C4305: “初始化”: 从“double”到“const float”截断
     1>c:\users\administrator\documents\visual studio 2010\projects\cpptld\cpptld\tld.cpp(627): warning C4305: “初始化”: 从“double”到“const float”截断
     1>c:\users\administrator\documents\visual studio 2010\projects\cpptld\cpptld\tld.cpp(627): warning C4305: “初始化”: 从“double”到“const float”截断
     1>c:\users\administrator\documents\visual studio 2010\projects\cpptld\cpptld\tld.cpp(628): warning C4305: “初始化”: 从“double”到“const float”截断
     1>c:\users\administrator\documents\visual studio 2010\projects\cpptld\cpptld\tld.cpp(628): warning C4305: “初始化”: 从“double”到“const float”截断
     1>c:\users\administrator\documents\visual studio 2010\projects\cpptld\cpptld\tld.cpp(628): warning C4305: “初始化”: 从“double”到“const float”截断
     1>c:\users\administrator\documents\visual studio 2010\projects\cpptld\cpptld\tld.cpp(628): warning C4305: “初始化”: 从“double”到“const float”截断
     1>c:\users\administrator\documents\visual studio 2010\projects\cpptld\cpptld\tld.cpp(628): warning C4305: “初始化”: 从“double”到“const float”截断
     1>c:\users\administrator\documents\visual studio 2010\projects\cpptld\cpptld\tld.cpp(628): warning C4305: “初始化”: 从“double”到“const float”截断
     1>c:\users\administrator\documents\visual studio 2010\projects\cpptld\cpptld\tld.cpp(628): warning C4305: “初始化”: 从“double”到“const float”截断
     1>c:\users\administrator\documents\visual studio 2010\projects\cpptld\cpptld\tld.cpp(664): warning C4244: “初始化”: 从“const int”转换到“float”，可能丢失数据
     1>c:\users\administrator\documents\visual studio 2010\projects\cpptld\cpptld\tld.cpp(665): warning C4244: “初始化”: 从“const int”转换到“float”，可能丢失数据
     1>c:\users\administrator\documents\visual studio 2010\projects\cpptld\cpptld\tld.cpp(668): warning C4244: “初始化”: 从“const int”转换到“float”，可能丢失数据
     1>c:\users\administrator\documents\visual studio 2010\projects\cpptld\cpptld\tld.cpp(669): warning C4244: “初始化”: 从“const int”转换到“float”，可能丢失数据
     1>c:\users\administrator\documents\visual studio 2010\projects\cpptld\cpptld\tld.cpp(675): warning C4018: “<”: 有符号/无符号不匹配
     1>c:\users\administrator\documents\visual studio 2010\projects\cpptld\cpptld\tld.cpp(688): warning C4018: “>”: 有符号/无符号不匹配
     1>c:\users\administrator\documents\visual studio 2010\projects\cpptld\cpptld\tld.cpp(699): warning C4018: “<”: 有符号/无符号不匹配
     1>c:\users\administrator\documents\visual studio 2010\projects\cpptld\cpptld\tld.cpp(823): warning C4018: “<”: 有符号/无符号不匹配
         正在生成代码...
       Link:
         C:\Program Files (x86)\Microsoft Visual Studio 10.0\VC\bin\link.exe /ERRORREPORT:PROMPT /OUT:"C:\Users\Administrator\Documents\Visual Studio 2010\Projects\cppTLD\Debug\cppTLD.exe" /NOLOGO opencv_calib3d249d.lib opencv_contrib249d.lib opencv_core249d.lib opencv_features2d249d.lib opencv_flann249d.lib opencv_gpu249d.lib opencv_highgui249d.lib opencv_imgproc249d.lib opencv_legacy249d.lib opencv_ml249d.lib opencv_nonfree249d.lib opencv_objdetect249d.lib opencv_ocl249d.lib opencv_photo249d.lib opencv_stitching249d.lib opencv_superres249d.lib opencv_ts249d.lib opencv_video249d.lib opencv_videostab249d.lib kernel32.lib user32.lib gdi32.lib winspool.lib comdlg32.lib advapi32.lib shell32.lib ole32.lib oleaut32.lib uuid.lib odbc32.lib odbccp32.lib kernel32.lib user32.lib gdi32.lib winspool.lib comdlg32.lib advapi32.lib shell32.lib ole32.lib oleaut32.lib uuid.lib odbc32.lib odbccp32.lib /MANIFEST /ManifestFile:"Debug\cppTLD.exe.intermediate.manifest" /MANIFESTUAC:"level='asInvoker' uiAccess='false'" /DEBUG /PDB:"C:\Users\Administrator\Documents\Visual Studio 2010\Projects\cppTLD\Debug\cppTLD.pdb" /TLBID:1 /DYNAMICBASE /NXCOMPAT /IMPLIB:"C:\Users\Administrator\Documents\Visual Studio 2010\Projects\cppTLD\Debug\cppTLD.lib" /MACHINE:X86 Debug\FerNNClassifier.obj
         Debug\LKTracker.obj
         Debug\run_tld.obj
         Debug\TLD.obj
         Debug\tld_utils.obj
         LINK : 没有找到 C:\Users\Administrator\Documents\Visual Studio 2010\Projects\cppTLD\Debug\cppTLD.exe 或上一个增量链接没有生成它；正在执行完全链接
         cppTLD.vcxproj -> C:\Users\Administrator\Documents\Visual Studio 2010\Projects\cppTLD\Debug\cppTLD.exe
       Manifest:
         C:\Program Files (x86)\Microsoft SDKs\Windows\v7.0A\bin\mt.exe /nologo /verbose /outputresource:"C:\Users\Administrator\Documents\Visual Studio 2010\Projects\cppTLD\Debug\cppTLD.exe;#1" /manifest Debug\cppTLD.exe.intermediate.manifest
       FinalizeBuildStatus:
         正在删除文件“Debug\cppTLD.unsuccessfulbuild”。
         正在对“Debug\cppTLD.lastbuildstate”执行 Touch 任务。
     1>已完成生成项目“C:\Users\Administrator\Documents\Visual Studio 2010\Projects\cppTLD\cppTLD\cppTLD.vcxproj”(build 个目标)的操作。

生成成功。

已用时间 00:00:11.32
